<?xml version="1.0" encoding="UTF-8"?>
<testng-results total="1" passed="1" failed="0" skipped="0">
  <reporter-output>
  </reporter-output>
  <suite started-at="2023-01-28T18:36:32Z" name="test.com.itexperts.CalculatorTest" finished-at="2023-01-28T18:36:32Z" duration-ms="22">
    <groups>
    </groups>
    <test started-at="2023-01-28T18:36:32Z" name="Command line test" finished-at="2023-01-28T18:36:32Z" duration-ms="22">
      <class name="test.com.itexperts.CalculatorTest">
        <test-method is-config="true" signature="setUpClass()[pri:0, instance:test.com.itexperts.CalculatorTest@52feb982]" started-at="2023-01-28T12:36:32Z" name="setUpClass" finished-at="2023-01-28T12:36:32Z" duration-ms="9" status="PASS">
          <reporter-output>
          </reporter-output>
        </test-method> <!-- setUpClass -->
        <test-method is-config="true" signature="setUpMethod()[pri:0, instance:test.com.itexperts.CalculatorTest@52feb982]" started-at="2023-01-28T12:36:32Z" name="setUpMethod" finished-at="2023-01-28T12:36:32Z" duration-ms="1" status="PASS">
          <reporter-output>
          </reporter-output>
        </test-method> <!-- setUpMethod -->
        <test-method signature="TestCal()[pri:0, instance:test.com.itexperts.CalculatorTest@52feb982]" started-at="2023-01-28T12:36:32Z" name="TestCal" finished-at="2023-01-28T12:36:32Z" duration-ms="2" status="PASS">
          <reporter-output>
          </reporter-output>
        </test-method> <!-- TestCal -->
        <test-method is-config="true" signature="tearDownMethod()[pri:0, instance:test.com.itexperts.CalculatorTest@52feb982]" started-at="2023-01-28T12:36:32Z" name="tearDownMethod" finished-at="2023-01-28T12:36:32Z" duration-ms="0" status="PASS">
          <reporter-output>
          </reporter-output>
        </test-method> <!-- tearDownMethod -->
        <test-method is-config="true" signature="tearDownClass()[pri:0, instance:test.com.itexperts.CalculatorTest@52feb982]" started-at="2023-01-28T12:36:32Z" name="tearDownClass" finished-at="2023-01-28T12:36:32Z" duration-ms="0" status="PASS">
          <reporter-output>
          </reporter-output>
        </test-method> <!-- tearDownClass -->
      </class> <!-- test.com.itexperts.CalculatorTest -->
    </test> <!-- Command line test -->
  </suite> <!-- test.com.itexperts.CalculatorTest -->
</testng-results>
