<?xml version="1.0" encoding="UTF-8"?>
<!-- Generated by org.testng.reporters.JUnitXMLReporter -->
<testsuite hostname="Samia" failures="1" tests="1" name="Command line test" time="0.018" errors="0" timestamp="27 Jan 2023 02:25:21 GMT">
  <testcase classname="CalculatorTest" name="testAdd" time="0.001">
    <failure type="java.lang.AssertionError" message="expected [6] but found [8]">
      <![CDATA[java.lang.AssertionError: expected [6] but found [8]
	at CalculatorTest.testAdd(CalculatorTest.java:52)
... Removed 38 stack frames]]>
    </failure>
  </testcase> <!-- testAdd -->
</testsuite> <!-- Command line test -->
